{"D:\\projects\\redux\\redux-starter\\src\\store\\api.js": {"path":"D:\\projects\\redux\\redux-starter\\src\\store\\api.js","statementMap":{"0":{"start":{"line":3,"column":28},"end":{"line":3,"column":58}},"1":{"start":{"line":4,"column":30},"end":{"line":4,"column":62}},"2":{"start":{"line":5,"column":29},"end":{"line":5,"column":60}}},"fnMap":{},"branchMap":{},"s":{"0":1,"1":1,"2":1},"f":{},"b":{},"_coverageSchema":"1a1c01bbd47fc00a2c39e90264f33305004495a9","hash":"e97c57d7391a58a1b6fa60146987d6e67c6e020c"}
,"D:\\projects\\redux\\redux-starter\\src\\store\\bugs.js": {"path":"D:\\projects\\redux\\redux-starter\\src\\store\\bugs.js","statementMap":{"0":{"start":{"line":6,"column":14},"end":{"line":57,"column":3}},"1":{"start":{"line":18,"column":6},"end":{"line":18,"column":25}},"2":{"start":{"line":23,"column":6},"end":{"line":23,"column":26}},"3":{"start":{"line":28,"column":6},"end":{"line":28,"column":25}},"4":{"start":{"line":29,"column":6},"end":{"line":29,"column":26}},"5":{"start":{"line":30,"column":6},"end":{"line":30,"column":33}},"6":{"start":{"line":35,"column":6},"end":{"line":35,"column":31}},"7":{"start":{"line":40,"column":20},"end":{"line":40,"column":59}},"8":{"start":{"line":41,"column":6},"end":{"line":41,"column":38}},"9":{"start":{"line":46,"column":20},"end":{"line":46,"column":59}},"10":{"start":{"line":47,"column":6},"end":{"line":47,"column":34}},"11":{"start":{"line":52,"column":20},"end":{"line":52,"column":59}},"12":{"start":{"line":53,"column":6},"end":{"line":53,"column":46}},"13":{"start":{"line":59,"column":94},"end":{"line":59,"column":107}},"14":{"start":{"line":61,"column":17},"end":{"line":61,"column":91}},"15":{"start":{"line":61,"column":44},"end":{"line":61,"column":91}},"16":{"start":{"line":61,"column":66},"end":{"line":61,"column":89}},"17":{"start":{"line":64,"column":37},"end":{"line":67,"column":1}},"18":{"start":{"line":65,"column":11},"end":{"line":65,"column":30}},"19":{"start":{"line":66,"column":10},"end":{"line":66,"column":50}},"20":{"start":{"line":66,"column":35},"end":{"line":66,"column":48}},"21":{"start":{"line":69,"column":35},"end":{"line":72,"column":1}},"22":{"start":{"line":70,"column":11},"end":{"line":70,"column":30}},"23":{"start":{"line":71,"column":10},"end":{"line":71,"column":54}},"24":{"start":{"line":71,"column":36},"end":{"line":71,"column":52}},"25":{"start":{"line":74,"column":33},"end":{"line":77,"column":1}},"26":{"start":{"line":74,"column":43},"end":{"line":77,"column":1}},"27":{"start":{"line":75,"column":11},"end":{"line":75,"column":30}},"28":{"start":{"line":76,"column":10},"end":{"line":76,"column":65}},"29":{"start":{"line":76,"column":36},"end":{"line":76,"column":63}},"30":{"start":{"line":80,"column":12},"end":{"line":80,"column":19}},"31":{"start":{"line":83,"column":22},"end":{"line":90,"column":1}},"32":{"start":{"line":83,"column":29},"end":{"line":90,"column":1}},"33":{"start":{"line":93,"column":24},"end":{"line":107,"column":1}},"34":{"start":{"line":93,"column":30},"end":{"line":107,"column":1}},"35":{"start":{"line":95,"column":24},"end":{"line":95,"column":48}},"36":{"start":{"line":97,"column":17},"end":{"line":97,"column":64}},"37":{"start":{"line":99,"column":2},"end":{"line":99,"column":27}},"38":{"start":{"line":99,"column":21},"end":{"line":99,"column":27}},"39":{"start":{"line":101,"column":2},"end":{"line":106,"column":7}},"40":{"start":{"line":110,"column":26},"end":{"line":115,"column":3}},"41":{"start":{"line":110,"column":32},"end":{"line":115,"column":3}},"42":{"start":{"line":118,"column":28},"end":{"line":123,"column":3}},"43":{"start":{"line":118,"column":46},"end":{"line":123,"column":3}}},"fnMap":{"0":{"name":"(anonymous_0)","decl":{"start":{"line":16,"column":18},"end":{"line":16,"column":19}},"loc":{"start":{"line":17,"column":4},"end":{"line":19,"column":5}},"line":17},"1":{"name":"(anonymous_1)","decl":{"start":{"line":21,"column":24},"end":{"line":21,"column":25}},"loc":{"start":{"line":22,"column":4},"end":{"line":24,"column":5}},"line":22},"2":{"name":"(anonymous_2)","decl":{"start":{"line":26,"column":17},"end":{"line":26,"column":18}},"loc":{"start":{"line":27,"column":4},"end":{"line":31,"column":5}},"line":27},"3":{"name":"(anonymous_3)","decl":{"start":{"line":33,"column":14},"end":{"line":33,"column":15}},"loc":{"start":{"line":34,"column":4},"end":{"line":36,"column":5}},"line":34},"4":{"name":"(anonymous_4)","decl":{"start":{"line":38,"column":17},"end":{"line":38,"column":18}},"loc":{"start":{"line":39,"column":4},"end":{"line":42,"column":5}},"line":39},"5":{"name":"(anonymous_5)","decl":{"start":{"line":44,"column":16},"end":{"line":44,"column":17}},"loc":{"start":{"line":45,"column":4},"end":{"line":48,"column":5}},"line":45},"6":{"name":"(anonymous_6)","decl":{"start":{"line":50,"column":17},"end":{"line":50,"column":18}},"loc":{"start":{"line":51,"column":4},"end":{"line":54,"column":5}},"line":51},"7":{"name":"(anonymous_7)","decl":{"start":{"line":61,"column":17},"end":{"line":61,"column":18}},"loc":{"start":{"line":61,"column":44},"end":{"line":61,"column":91}},"line":61},"8":{"name":"(anonymous_8)","decl":{"start":{"line":61,"column":61},"end":{"line":61,"column":62}},"loc":{"start":{"line":61,"column":66},"end":{"line":61,"column":89}},"line":61},"9":{"name":"(anonymous_9)","decl":{"start":{"line":65,"column":2},"end":{"line":65,"column":3}},"loc":{"start":{"line":65,"column":11},"end":{"line":65,"column":30}},"line":65},"10":{"name":"(anonymous_10)","decl":{"start":{"line":66,"column":2},"end":{"line":66,"column":3}},"loc":{"start":{"line":66,"column":10},"end":{"line":66,"column":50}},"line":66},"11":{"name":"(anonymous_11)","decl":{"start":{"line":66,"column":28},"end":{"line":66,"column":29}},"loc":{"start":{"line":66,"column":35},"end":{"line":66,"column":48}},"line":66},"12":{"name":"(anonymous_12)","decl":{"start":{"line":70,"column":2},"end":{"line":70,"column":3}},"loc":{"start":{"line":70,"column":11},"end":{"line":70,"column":30}},"line":70},"13":{"name":"(anonymous_13)","decl":{"start":{"line":71,"column":2},"end":{"line":71,"column":3}},"loc":{"start":{"line":71,"column":10},"end":{"line":71,"column":54}},"line":71},"14":{"name":"(anonymous_14)","decl":{"start":{"line":71,"column":28},"end":{"line":71,"column":29}},"loc":{"start":{"line":71,"column":36},"end":{"line":71,"column":52}},"line":71},"15":{"name":"(anonymous_15)","decl":{"start":{"line":74,"column":33},"end":{"line":74,"column":34}},"loc":{"start":{"line":74,"column":43},"end":{"line":77,"column":1}},"line":74},"16":{"name":"(anonymous_16)","decl":{"start":{"line":75,"column":2},"end":{"line":75,"column":3}},"loc":{"start":{"line":75,"column":11},"end":{"line":75,"column":30}},"line":75},"17":{"name":"(anonymous_17)","decl":{"start":{"line":76,"column":2},"end":{"line":76,"column":3}},"loc":{"start":{"line":76,"column":10},"end":{"line":76,"column":65}},"line":76},"18":{"name":"(anonymous_18)","decl":{"start":{"line":76,"column":28},"end":{"line":76,"column":29}},"loc":{"start":{"line":76,"column":36},"end":{"line":76,"column":63}},"line":76},"19":{"name":"(anonymous_19)","decl":{"start":{"line":83,"column":22},"end":{"line":83,"column":23}},"loc":{"start":{"line":83,"column":29},"end":{"line":90,"column":1}},"line":83},"20":{"name":"(anonymous_20)","decl":{"start":{"line":93,"column":24},"end":{"line":93,"column":25}},"loc":{"start":{"line":93,"column":30},"end":{"line":107,"column":1}},"line":93},"21":{"name":"(anonymous_21)","decl":{"start":{"line":93,"column":30},"end":{"line":93,"column":31}},"loc":{"start":{"line":94,"column":0},"end":{"line":107,"column":1}},"line":94},"22":{"name":"(anonymous_22)","decl":{"start":{"line":110,"column":26},"end":{"line":110,"column":27}},"loc":{"start":{"line":110,"column":32},"end":{"line":115,"column":3}},"line":110},"23":{"name":"(anonymous_23)","decl":{"start":{"line":118,"column":28},"end":{"line":118,"column":29}},"loc":{"start":{"line":118,"column":46},"end":{"line":123,"column":3}},"line":118}},"branchMap":{"0":{"loc":{"start":{"line":99,"column":2},"end":{"line":99,"column":27}},"type":"if","locations":[{"start":{"line":99,"column":2},"end":{"line":99,"column":27}},{"start":{"line":99,"column":2},"end":{"line":99,"column":27}}],"line":99}},"s":{"0":1,"1":0,"2":0,"3":0,"4":0,"5":0,"6":1,"7":0,"8":0,"9":0,"10":0,"11":0,"12":0,"13":1,"14":1,"15":0,"16":0,"17":1,"18":0,"19":0,"20":0,"21":1,"22":0,"23":0,"24":0,"25":1,"26":0,"27":0,"28":0,"29":0,"30":1,"31":1,"32":2,"33":1,"34":0,"35":0,"36":0,"37":0,"38":0,"39":0,"40":1,"41":0,"42":1,"43":0},"f":{"0":0,"1":0,"2":0,"3":1,"4":0,"5":0,"6":0,"7":0,"8":0,"9":0,"10":0,"11":0,"12":0,"13":0,"14":0,"15":0,"16":0,"17":0,"18":0,"19":2,"20":0,"21":0,"22":0,"23":0},"b":{"0":[0,0]},"_coverageSchema":"1a1c01bbd47fc00a2c39e90264f33305004495a9","hash":"ec89b800c5eae8b252e787ca233f8e8e7825504a"}
,"D:\\projects\\redux\\redux-starter\\src\\store\\entities.js": {"path":"D:\\projects\\redux\\redux-starter\\src\\store\\entities.js","statementMap":{},"fnMap":{},"branchMap":{},"s":{},"f":{},"b":{},"_coverageSchema":"1a1c01bbd47fc00a2c39e90264f33305004495a9","hash":"5baef5551b74495bef373bf3db5bb5ddb7f95ab2"}
,"D:\\projects\\redux\\redux-starter\\src\\store\\index.js": {"path":"D:\\projects\\redux\\redux-starter\\src\\store\\index.js","statementMap":{"0":{"start":{"line":7,"column":21},"end":{"line":14,"column":3}}},"fnMap":{"0":{"name":"(anonymous_0)","decl":{"start":{"line":7,"column":15},"end":{"line":7,"column":16}},"loc":{"start":{"line":7,"column":21},"end":{"line":14,"column":3}},"line":7}},"branchMap":{},"s":{"0":2},"f":{"0":2},"b":{},"_coverageSchema":"1a1c01bbd47fc00a2c39e90264f33305004495a9","hash":"6335660d1b9d938657d0b42742d3a5ee7b8af7d0"}
,"D:\\projects\\redux\\redux-starter\\src\\store\\projects.js": {"path":"D:\\projects\\redux\\redux-starter\\src\\store\\projects.js","statementMap":{"0":{"start":{"line":3,"column":13},"end":{"line":3,"column":14}},"1":{"start":{"line":5,"column":14},"end":{"line":22,"column":3}},"2":{"start":{"line":11,"column":6},"end":{"line":14,"column":9}},"3":{"start":{"line":18,"column":20},"end":{"line":18,"column":76}},"4":{"start":{"line":18,"column":49},"end":{"line":18,"column":74}},"5":{"start":{"line":19,"column":6},"end":{"line":19,"column":33}},"6":{"start":{"line":24,"column":45},"end":{"line":24,"column":58}}},"fnMap":{"0":{"name":"(anonymous_0)","decl":{"start":{"line":9,"column":16},"end":{"line":9,"column":17}},"loc":{"start":{"line":10,"column":4},"end":{"line":15,"column":5}},"line":10},"1":{"name":"(anonymous_1)","decl":{"start":{"line":16,"column":19},"end":{"line":16,"column":20}},"loc":{"start":{"line":17,"column":4},"end":{"line":20,"column":5}},"line":17},"2":{"name":"(anonymous_2)","decl":{"start":{"line":18,"column":38},"end":{"line":18,"column":39}},"loc":{"start":{"line":18,"column":49},"end":{"line":18,"column":74}},"line":18}},"branchMap":{},"s":{"0":1,"1":1,"2":0,"3":0,"4":0,"5":0,"6":1},"f":{"0":0,"1":0,"2":0},"b":{},"_coverageSchema":"1a1c01bbd47fc00a2c39e90264f33305004495a9","hash":"907a3e8b85423effa1729ba4169727b7acd13d0b"}
,"D:\\projects\\redux\\redux-starter\\src\\store\\reducers.js": {"path":"D:\\projects\\redux\\redux-starter\\src\\store\\reducers.js","statementMap":{},"fnMap":{},"branchMap":{},"s":{},"f":{},"b":{},"_coverageSchema":"1a1c01bbd47fc00a2c39e90264f33305004495a9","hash":"a144cb7bf648d9fb364ac70354341532770cf9db"}
,"D:\\projects\\redux\\redux-starter\\src\\store\\users.js": {"path":"D:\\projects\\redux\\redux-starter\\src\\store\\users.js","statementMap":{"0":{"start":{"line":3,"column":13},"end":{"line":3,"column":14}},"1":{"start":{"line":5,"column":14},"end":{"line":22,"column":3}},"2":{"start":{"line":11,"column":6},"end":{"line":14,"column":9}},"3":{"start":{"line":18,"column":20},"end":{"line":18,"column":74}},"4":{"start":{"line":18,"column":43},"end":{"line":18,"column":72}},"5":{"start":{"line":19,"column":6},"end":{"line":19,"column":30}},"6":{"start":{"line":24,"column":39},"end":{"line":24,"column":52}}},"fnMap":{"0":{"name":"(anonymous_0)","decl":{"start":{"line":9,"column":13},"end":{"line":9,"column":14}},"loc":{"start":{"line":10,"column":4},"end":{"line":15,"column":5}},"line":10},"1":{"name":"(anonymous_1)","decl":{"start":{"line":16,"column":16},"end":{"line":16,"column":17}},"loc":{"start":{"line":17,"column":4},"end":{"line":20,"column":5}},"line":17},"2":{"name":"(anonymous_2)","decl":{"start":{"line":18,"column":35},"end":{"line":18,"column":36}},"loc":{"start":{"line":18,"column":43},"end":{"line":18,"column":72}},"line":18}},"branchMap":{},"s":{"0":1,"1":1,"2":0,"3":0,"4":0,"5":0,"6":1},"f":{"0":0,"1":0,"2":0},"b":{},"_coverageSchema":"1a1c01bbd47fc00a2c39e90264f33305004495a9","hash":"9e6aebeb74fe7d4f4dcbdc6afd77ff39eb48554a"}
,"D:\\projects\\redux\\redux-starter\\src\\store\\middleware\\api.js": {"path":"D:\\projects\\redux\\redux-starter\\src\\store\\middleware\\api.js","statementMap":{"0":{"start":{"line":4,"column":12},"end":{"line":26,"column":1}},"1":{"start":{"line":4,"column":32},"end":{"line":26,"column":1}},"2":{"start":{"line":4,"column":40},"end":{"line":26,"column":1}},"3":{"start":{"line":6,"column":2},"end":{"line":6,"column":75}},"4":{"start":{"line":6,"column":54},"end":{"line":6,"column":75}},"5":{"start":{"line":8,"column":61},"end":{"line":8,"column":75}},"6":{"start":{"line":10,"column":2},"end":{"line":10,"column":46}},"7":{"start":{"line":10,"column":17},"end":{"line":10,"column":46}},"8":{"start":{"line":11,"column":2},"end":{"line":11,"column":16}},"9":{"start":{"line":13,"column":2},"end":{"line":25,"column":3}},"10":{"start":{"line":15,"column":21},"end":{"line":17,"column":7}},"11":{"start":{"line":19,"column":4},"end":{"line":19,"column":58}},"12":{"start":{"line":20,"column":4},"end":{"line":20,"column":76}},"13":{"start":{"line":20,"column":21},"end":{"line":20,"column":76}},"14":{"start":{"line":23,"column":4},"end":{"line":23,"column":49}},"15":{"start":{"line":24,"column":4},"end":{"line":24,"column":72}},"16":{"start":{"line":24,"column":19},"end":{"line":24,"column":72}}},"fnMap":{"0":{"name":"(anonymous_0)","decl":{"start":{"line":4,"column":12},"end":{"line":4,"column":13}},"loc":{"start":{"line":4,"column":32},"end":{"line":26,"column":1}},"line":4},"1":{"name":"(anonymous_1)","decl":{"start":{"line":4,"column":32},"end":{"line":4,"column":33}},"loc":{"start":{"line":4,"column":40},"end":{"line":26,"column":1}},"line":4},"2":{"name":"(anonymous_2)","decl":{"start":{"line":4,"column":40},"end":{"line":4,"column":41}},"loc":{"start":{"line":5,"column":0},"end":{"line":26,"column":1}},"line":5}},"branchMap":{"0":{"loc":{"start":{"line":6,"column":2},"end":{"line":6,"column":75}},"type":"if","locations":[{"start":{"line":6,"column":2},"end":{"line":6,"column":75}},{"start":{"line":6,"column":2},"end":{"line":6,"column":75}}],"line":6},"1":{"loc":{"start":{"line":10,"column":2},"end":{"line":10,"column":46}},"type":"if","locations":[{"start":{"line":10,"column":2},"end":{"line":10,"column":46}},{"start":{"line":10,"column":2},"end":{"line":10,"column":46}}],"line":10},"2":{"loc":{"start":{"line":20,"column":4},"end":{"line":20,"column":76}},"type":"if","locations":[{"start":{"line":20,"column":4},"end":{"line":20,"column":76}},{"start":{"line":20,"column":4},"end":{"line":20,"column":76}}],"line":20},"3":{"loc":{"start":{"line":24,"column":4},"end":{"line":24,"column":72}},"type":"if","locations":[{"start":{"line":24,"column":4},"end":{"line":24,"column":72}},{"start":{"line":24,"column":4},"end":{"line":24,"column":72}}],"line":24}},"s":{"0":1,"1":2,"2":2,"3":5,"4":3,"5":2,"6":2,"7":0,"8":2,"9":2,"10":2,"11":1,"12":1,"13":1,"14":1,"15":1,"16":0},"f":{"0":2,"1":2,"2":5},"b":{"0":[3,2],"1":[0,2],"2":[1,0],"3":[0,1]},"_coverageSchema":"1a1c01bbd47fc00a2c39e90264f33305004495a9","hash":"055040dd7719a66e2f177d127acecd645a17572a"}
,"D:\\projects\\redux\\redux-starter\\src\\store\\middleware\\logger.js": {"path":"D:\\projects\\redux\\redux-starter\\src\\store\\middleware\\logger.js","statementMap":{"0":{"start":{"line":1,"column":15},"end":{"line":6,"column":1}},"1":{"start":{"line":1,"column":24},"end":{"line":6,"column":1}},"2":{"start":{"line":1,"column":32},"end":{"line":6,"column":1}},"3":{"start":{"line":3,"column":2},"end":{"line":5,"column":18}}},"fnMap":{"0":{"name":"(anonymous_0)","decl":{"start":{"line":1,"column":15},"end":{"line":1,"column":16}},"loc":{"start":{"line":1,"column":24},"end":{"line":6,"column":1}},"line":1},"1":{"name":"(anonymous_1)","decl":{"start":{"line":1,"column":24},"end":{"line":1,"column":25}},"loc":{"start":{"line":1,"column":32},"end":{"line":6,"column":1}},"line":1},"2":{"name":"(anonymous_2)","decl":{"start":{"line":1,"column":32},"end":{"line":1,"column":33}},"loc":{"start":{"line":2,"column":0},"end":{"line":6,"column":1}},"line":2}},"branchMap":{"0":{"loc":{"start":{"line":3,"column":9},"end":{"line":5,"column":18}},"type":"cond-expr","locations":[{"start":{"line":4,"column":4},"end":{"line":4,"column":43}},{"start":{"line":5,"column":4},"end":{"line":5,"column":18}}],"line":3}},"s":{"0":1,"1":2,"2":2,"3":5},"f":{"0":2,"1":2,"2":5},"b":{"0":[0,5]},"_coverageSchema":"1a1c01bbd47fc00a2c39e90264f33305004495a9","hash":"62c0fb348de5335aa1755b39d6cfd24bc63a7b02"}
}
